# JRE version: OpenJDK Runtime Environment (15.0.2+10) (build 15.0.2+10)
# Java VM: OpenJDK 64-Bit Server VM (15.0.2+10, mixed mode, sharing, tiered, compressed oops, g1 gc, windows-amd64)
GC Precious Log:
 CPUs: 16 total, 16 available
 Memory: 16151M
 Large Page Support: Disabled
 NUMA Support: Disabled
 Compressed Oops: Enabled (Zero based)
 Heap Region Size: 2M
 Heap Min Capacity: 8M
 Heap Initial Capacity: 254M
 Heap Max Capacity: 4038M
 Pre-touch: Disabled
 Parallel Workers: 13
 Concurrent Workers: 3
 Concurrent Refinement Workers: 13
 Periodic GC: Disabled
Heap:
 garbage-first heap   total 167936K, used 125399K [0x0000000703a00000, 0x0000000800000000)
  region size 2048K, 16 young (32768K), 1 survivors (2048K)
 Metaspace       used 46803K, capacity 47129K, committed 47792K, reserved 1091584K
  class space    used 6203K, capacity 6307K, committed 6400K, reserved 1048576K
GC Heap History (20 events):
Event: 4.194 GC heap before
{Heap before GC invocations=5 (full 0):
 garbage-first heap   total 102400K, used 82398K [0x0000000703a00000, 0x0000000800000000)
  region size 2048K, 30 young (61440K), 2 survivors (4096K)
 Metaspace       used 30356K, capacity 30624K, committed 31152K, reserved 1077248K
  class space    used 3478K, capacity 3561K, committed 3584K, reserved 1048576K
}
Event: 4.201 GC heap after
{Heap after GC invocations=6 (full 0):
 garbage-first heap   total 102400K, used 36342K [0x0000000703a00000, 0x0000000800000000)
  region size 2048K, 4 young (8192K), 4 survivors (8192K)
 Metaspace       used 30356K, capacity 30624K, committed 31152K, reserved 1077248K
  class space    used 3478K, capacity 3561K, committed 3584K, reserved 1048576K
}
Event: 5.399 GC heap before
{Heap before GC invocations=6 (full 0):
 garbage-first heap   total 102400K, used 62966K [0x0000000703a00000, 0x0000000800000000)
  region size 2048K, 18 young (36864K), 4 survivors (8192K)
 Metaspace       used 34016K, capacity 34214K, committed 34864K, reserved 1079296K
  class space    used 4126K, capacity 4203K, committed 4224K, reserved 1048576K
}
Event: 5.404 GC heap after
{Heap after GC invocations=7 (full 0):
 garbage-first heap   total 102400K, used 43146K [0x0000000703a00000, 0x0000000800000000)
  region size 2048K, 3 young (6144K), 3 survivors (6144K)
 Metaspace       used 34016K, capacity 34214K, committed 34864K, reserved 1079296K
  class space    used 4126K, capacity 4203K, committed 4224K, reserved 1048576K
}
Event: 6.322 GC heap before
{Heap before GC invocations=7 (full 0):
 garbage-first heap   total 102400K, used 51338K [0x0000000703a00000, 0x0000000800000000)
  region size 2048K, 8 young (16384K), 3 survivors (6144K)
 Metaspace       used 35063K, capacity 35270K, committed 35888K, reserved 1081344K
  class space    used 4360K, capacity 4427K, committed 4480K, reserved 1048576K
}
Event: 6.325 GC heap after
{Heap after GC invocations=8 (full 0):
 garbage-first heap   total 102400K, used 45617K [0x0000000703a00000, 0x0000000800000000)
  region size 2048K, 1 young (2048K), 1 survivors (2048K)
 Metaspace       used 35063K, capacity 35270K, committed 35888K, reserved 1081344K
  class space    used 4360K, capacity 4427K, committed 4480K, reserved 1048576K
}
Event: 7.550 GC heap before
{Heap before GC invocations=9 (full 0):
 garbage-first heap   total 102400K, used 70193K [0x0000000703a00000, 0x0000000800000000)
  region size 2048K, 14 young (28672K), 1 survivors (2048K)
 Metaspace       used 40833K, capacity 41076K, committed 41648K, reserved 1085440K
  class space    used 5246K, capacity 5336K, committed 5376K, reserved 1048576K
}
Event: 7.554 GC heap after
{Heap after GC invocations=10 (full 0):
 garbage-first heap   total 102400K, used 51535K [0x0000000703a00000, 0x0000000800000000)
  region size 2048K, 2 young (4096K), 2 survivors (4096K)
 Metaspace       used 40833K, capacity 41076K, committed 41648K, reserved 1085440K
  class space    used 5246K, capacity 5336K, committed 5376K, reserved 1048576K
}
Event: 7.808 GC heap before
{Heap before GC invocations=10 (full 0):
 garbage-first heap   total 102400K, used 72015K [0x0000000703a00000, 0x0000000800000000)
  region size 2048K, 13 young (26624K), 2 survivors (4096K)
 Metaspace       used 41743K, capacity 42007K, committed 42544K, reserved 1087488K
  class space    used 5422K, capacity 5497K, committed 5504K, reserved 1048576K
}
Event: 7.811 GC heap after
{Heap after GC invocations=11 (full 0):
 garbage-first heap   total 102400K, used 58843K [0x0000000703a00000, 0x0000000800000000)
  region size 2048K, 2 young (4096K), 2 survivors (4096K)
 Metaspace       used 41743K, capacity 42007K, committed 42544K, reserved 1087488K
  class space    used 5422K, capacity 5497K, committed 5504K, reserved 1048576K
}
Event: 7.911 GC heap before
{Heap before GC invocations=12 (full 0):
 garbage-first heap   total 106496K, used 67035K [0x0000000703a00000, 0x0000000800000000)
  region size 2048K, 7 young (14336K), 2 survivors (4096K)
 Metaspace       used 42095K, capacity 42327K, committed 42928K, reserved 1087488K
  class space    used 5521K, capacity 5625K, committed 5632K, reserved 1048576K
}
Event: 7.914 GC heap after
{Heap after GC invocations=13 (full 0):
 garbage-first heap   total 106496K, used 62741K [0x0000000703a00000, 0x0000000800000000)
  region size 2048K, 2 young (4096K), 2 survivors (4096K)
 Metaspace       used 42095K, capacity 42327K, committed 42928K, reserved 1087488K
  class space    used 5521K, capacity 5625K, committed 5632K, reserved 1048576K
}
Event: 7.983 GC heap before
{Heap before GC invocations=14 (full 0):
 garbage-first heap   total 141312K, used 85269K [0x0000000703a00000, 0x0000000800000000)
  region size 2048K, 9 young (18432K), 2 survivors (4096K)
 Metaspace       used 42266K, capacity 42551K, committed 43312K, reserved 1087488K
  class space    used 5572K, capacity 5657K, committed 5760K, reserved 1048576K
}
Event: 7.986 GC heap after
{Heap after GC invocations=15 (full 0):
 garbage-first heap   total 141312K, used 74299K [0x0000000703a00000, 0x0000000800000000)
  region size 2048K, 1 young (2048K), 1 survivors (2048K)
 Metaspace       used 42266K, capacity 42551K, committed 43312K, reserved 1087488K
  class space    used 5572K, capacity 5657K, committed 5760K, reserved 1048576K
}
Event: 8.170 GC heap before
{Heap before GC invocations=15 (full 0):
 garbage-first heap   total 141312K, used 102971K [0x0000000703a00000, 0x0000000800000000)
  region size 2048K, 15 young (30720K), 1 survivors (2048K)
 Metaspace       used 42936K, capacity 43192K, committed 43952K, reserved 1087488K
  class space    used 5757K, capacity 5849K, committed 5888K, reserved 1048576K
}
Event: 8.173 GC heap after
{Heap after GC invocations=16 (full 0):
 garbage-first heap   total 141312K, used 82428K [0x0000000703a00000, 0x0000000800000000)
  region size 2048K, 2 young (4096K), 2 survivors (4096K)
 Metaspace       used 42936K, capacity 43192K, committed 43952K, reserved 1087488K
  class space    used 5757K, capacity 5849K, committed 5888K, reserved 1048576K
}
Event: 8.418 GC heap before
{Heap before GC invocations=17 (full 0):
 garbage-first heap   total 147456K, used 98812K [0x0000000703a00000, 0x0000000800000000)
  region size 2048K, 11 young (22528K), 2 survivors (4096K)
 Metaspace       used 44073K, capacity 44376K, committed 45104K, reserved 1089536K
  class space    used 5906K, capacity 6009K, committed 6016K, reserved 1048576K
}
Event: 8.420 GC heap after
{Heap after GC invocations=18 (full 0):
 garbage-first heap   total 147456K, used 88531K [0x0000000703a00000, 0x0000000800000000)
  region size 2048K, 2 young (4096K), 2 survivors (4096K)
 Metaspace       used 44073K, capacity 44376K, committed 45104K, reserved 1089536K
  class space    used 5906K, capacity 6009K, committed 6016K, reserved 1048576K
}
Event: 175.139 GC heap before
{Heap before GC invocations=19 (full 0):
 garbage-first heap   total 167936K, used 119251K [0x0000000703a00000, 0x0000000800000000)
  region size 2048K, 13 young (26624K), 2 survivors (4096K)
 Metaspace       used 44961K, capacity 45275K, committed 46000K, reserved 1089536K
  class space    used 5968K, capacity 6074K, committed 6144K, reserved 1048576K
}
Event: 175.140 GC heap after
{Heap after GC invocations=20 (full 0):
 garbage-first heap   total 167936K, used 96727K [0x0000000703a00000, 0x0000000800000000)
  region size 2048K, 1 young (2048K), 1 survivors (2048K)
 Metaspace       used 44961K, capacity 45275K, committed 46000K, reserved 1089536K
  class space    used 5968K, capacity 6074K, committed 6144K, reserved 1048576K
}

